2019-04-29 12:13:03,882 ERROR 89119 nodejs.ClusterClientNoResponseError: client no response in 1840163ms exceeding maxIdleTime 60000ms, maybe the connection is close on other side.
    at Timeout.Leader._heartbeatTimer.setInterval [as _onTimeout] (/Users/ppd-03020208/WebstormProjects/eggjs-demo/node_modules/cluster-client/lib/leader.js:77:23)
    at ontimeout (timers.js:498:11)
    at tryOnTimeout (timers.js:323:5)
    at Timer.listOnTimeout (timers.js:290:5)
name: "ClusterClientNoResponseError"
pid: 89119
hostname: ppd-03020208deMacBook-Pro.local

2019-04-29 13:14:21,708 ERROR 89119 nodejs.ClusterClientNoResponseError: client no response in 2477449ms exceeding maxIdleTime 60000ms, maybe the connection is close on other side.
    at Timeout.Leader._heartbeatTimer.setInterval [as _onTimeout] (/Users/ppd-03020208/WebstormProjects/eggjs-demo/node_modules/cluster-client/lib/leader.js:77:23)
    at ontimeout (timers.js:498:11)
    at tryOnTimeout (timers.js:323:5)
    at Timer.listOnTimeout (timers.js:290:5)
name: "ClusterClientNoResponseError"
pid: 89119
hostname: ppd-03020208deMacBook-Pro.local

2019-04-29 13:49:22,082 ERROR 89461 [-/127.0.0.1/-/5ms GET /] nodejs.TypeError: this.ctx.isIOS is not a function
    at HomeController.index (/Users/ppd-03020208/WebstormProjects/eggjs-demo/app/controller/home.js:5:26)
    at Object.callFn (/Users/ppd-03020208/WebstormProjects/eggjs-demo/node_modules/egg-core/lib/utils/index.js:44:21)
    at Object.classControllerMiddleware (/Users/ppd-03020208/WebstormProjects/eggjs-demo/node_modules/egg-core/lib/loader/mixin/controller.js:87:20)
    at Object.callFn (/Users/ppd-03020208/WebstormProjects/eggjs-demo/node_modules/@eggjs/router/lib/utils.js:12:21)
    at wrappedController (/Users/ppd-03020208/WebstormProjects/eggjs-demo/node_modules/@eggjs/router/lib/egg_router.js:322:18)
    at dispatch (/Users/ppd-03020208/WebstormProjects/eggjs-demo/node_modules/koa-compose/index.js:44:32)
    at next (/Users/ppd-03020208/WebstormProjects/eggjs-demo/node_modules/koa-compose/index.js:45:18)
    at /Users/ppd-03020208/WebstormProjects/eggjs-demo/node_modules/@eggjs/router/lib/router.js:190:18
    at dispatch (/Users/ppd-03020208/WebstormProjects/eggjs-demo/node_modules/koa-compose/index.js:44:32)
    at /Users/ppd-03020208/WebstormProjects/eggjs-demo/node_modules/koa-compose/index.js:36:12

pid: 89461
hostname: ppd-03020208deMacBook-Pro.local

2019-04-29 14:11:10,847 ERROR 89468 nodejs.ClusterClientNoResponseError: client no response in 440026ms exceeding maxIdleTime 60000ms, maybe the connection is close on other side.
    at Timeout.Leader._heartbeatTimer.setInterval [as _onTimeout] (/Users/ppd-03020208/WebstormProjects/eggjs-demo/node_modules/cluster-client/lib/leader.js:77:23)
    at ontimeout (timers.js:498:11)
    at tryOnTimeout (timers.js:323:5)
    at Timer.listOnTimeout (timers.js:290:5)
name: "ClusterClientNoResponseError"
pid: 89468
hostname: ppd-03020208deMacBook-Pro.local

