2019-04-29 10:40:46,198 INFO 88579 [egg-logrotator] app logger reload: got log-reload message
2019-04-29 11:01:19,641 INFO 88579 [egg-view-nunjucks] loading templates from ["/Users/ppd-03020208/WebstormProjects/eggjs-demo/app/view"]
2019-04-29 11:03:32,889 INFO 88736 [egg:logger] init all loggers with options: {"dir":"/Users/ppd-03020208/WebstormProjects/eggjs-demo/logs/eggjs-demo","encoding":"utf8","env":"local","level":"INFO","consoleLevel":"INFO","disableConsoleAfterReady":false,"outputJSON":false,"buffer":true,"appLogName":"eggjs-demo-web.log","coreLogName":"egg-web.log","agentLogName":"egg-agent.log","errorLogName":"common-error.log","coreLogger":{"consoleLevel":"WARN"},"allowDebugAtProd":false,"type":"application"}
2019-04-29 11:03:32,911 INFO 88736 [egg-multipart] stream mode enable
2019-04-29 11:03:32,953 INFO 88736 [egg-static] starting static serve /public/ -> /Users/ppd-03020208/WebstormProjects/eggjs-demo/app/public
2019-04-29 11:03:32,954 INFO 88736 [egg-security] use csrf middleware
2019-04-29 11:03:32,955 INFO 88736 [egg-security] use methodnoallow middleware
2019-04-29 11:03:32,955 INFO 88736 [egg-security] use noopen middleware
2019-04-29 11:03:32,956 INFO 88736 [egg-security] use nosniff middleware
2019-04-29 11:03:32,956 INFO 88736 [egg-security] use xssProtection middleware
2019-04-29 11:03:32,956 INFO 88736 [egg-security] use xframe middleware
2019-04-29 11:03:32,956 INFO 88736 [egg-security] use dta middleware
2019-04-29 11:03:32,956 INFO 88736 [egg-security] compose 7 middlewares into one security middleware
2019-04-29 11:03:32,963 INFO 88736 [egg:core] dump config after load, 3ms
2019-04-29 11:03:32,971 INFO 88736 [egg-watcher:application] watcher start success
2019-04-29 11:03:32,975 INFO 88736 [egg:core] dump config after ready, 3ms
2019-04-29 11:03:55,888 INFO 88738 [egg:logger] init all loggers with options: {"dir":"/Users/ppd-03020208/WebstormProjects/eggjs-demo/logs/eggjs-demo","encoding":"utf8","env":"local","level":"INFO","consoleLevel":"INFO","disableConsoleAfterReady":false,"outputJSON":false,"buffer":true,"appLogName":"eggjs-demo-web.log","coreLogName":"egg-web.log","agentLogName":"egg-agent.log","errorLogName":"common-error.log","coreLogger":{"consoleLevel":"WARN"},"allowDebugAtProd":false,"type":"application"}
2019-04-29 11:03:55,908 INFO 88738 [egg-multipart] stream mode enable
2019-04-29 11:03:55,942 INFO 88738 [egg-static] starting static serve /public/ -> /Users/ppd-03020208/WebstormProjects/eggjs-demo/app/public
2019-04-29 11:03:55,946 INFO 88738 [egg-security] use csrf middleware
2019-04-29 11:03:55,947 INFO 88738 [egg-security] use methodnoallow middleware
2019-04-29 11:03:55,947 INFO 88738 [egg-security] use noopen middleware
2019-04-29 11:03:55,948 INFO 88738 [egg-security] use nosniff middleware
2019-04-29 11:03:55,948 INFO 88738 [egg-security] use xssProtection middleware
2019-04-29 11:03:55,948 INFO 88738 [egg-security] use xframe middleware
2019-04-29 11:03:55,948 INFO 88738 [egg-security] use dta middleware
2019-04-29 11:03:55,948 INFO 88738 [egg-security] compose 7 middlewares into one security middleware
2019-04-29 11:03:55,955 INFO 88738 [egg:core] dump config after load, 3ms
2019-04-29 11:03:55,963 INFO 88738 [egg-watcher:application] watcher start success
2019-04-29 11:03:55,967 INFO 88738 [egg:core] dump config after ready, 3ms
2019-04-29 11:04:13,305 INFO 88740 [egg:logger] init all loggers with options: {"dir":"/Users/ppd-03020208/WebstormProjects/eggjs-demo/logs/eggjs-demo","encoding":"utf8","env":"local","level":"INFO","consoleLevel":"INFO","disableConsoleAfterReady":false,"outputJSON":false,"buffer":true,"appLogName":"eggjs-demo-web.log","coreLogName":"egg-web.log","agentLogName":"egg-agent.log","errorLogName":"common-error.log","coreLogger":{"consoleLevel":"WARN"},"allowDebugAtProd":false,"type":"application"}
2019-04-29 11:04:13,326 INFO 88740 [egg-multipart] stream mode enable
2019-04-29 11:04:13,364 INFO 88740 [egg-static] starting static serve /public/ -> /Users/ppd-03020208/WebstormProjects/eggjs-demo/app/public
2019-04-29 11:04:13,365 INFO 88740 [egg-security] use csrf middleware
2019-04-29 11:04:13,366 INFO 88740 [egg-security] use methodnoallow middleware
2019-04-29 11:04:13,366 INFO 88740 [egg-security] use noopen middleware
2019-04-29 11:04:13,367 INFO 88740 [egg-security] use nosniff middleware
2019-04-29 11:04:13,367 INFO 88740 [egg-security] use xssProtection middleware
2019-04-29 11:04:13,367 INFO 88740 [egg-security] use xframe middleware
2019-04-29 11:04:13,367 INFO 88740 [egg-security] use dta middleware
2019-04-29 11:04:13,367 INFO 88740 [egg-security] compose 7 middlewares into one security middleware
2019-04-29 11:04:13,374 INFO 88740 [egg:core] dump config after load, 4ms
2019-04-29 11:04:13,381 INFO 88740 [egg-watcher:application] watcher start success
2019-04-29 11:04:13,385 INFO 88740 [egg:core] dump config after ready, 2ms
2019-04-29 11:30:23,447 INFO 89120 [egg:logger] init all loggers with options: {"dir":"/Users/ppd-03020208/WebstormProjects/eggjs-demo/logs/eggjs-demo","encoding":"utf8","env":"local","level":"INFO","consoleLevel":"INFO","disableConsoleAfterReady":false,"outputJSON":false,"buffer":true,"appLogName":"eggjs-demo-web.log","coreLogName":"egg-web.log","agentLogName":"egg-agent.log","errorLogName":"common-error.log","coreLogger":{"consoleLevel":"WARN"},"allowDebugAtProd":false,"type":"application"}
2019-04-29 11:30:23,469 INFO 89120 [egg-multipart] stream mode enable
2019-04-29 11:30:23,524 INFO 89120 [egg-static] starting static serve /public/ -> /Users/ppd-03020208/WebstormProjects/eggjs-demo/app/public
2019-04-29 11:30:23,525 INFO 89120 [egg-security] use csrf middleware
2019-04-29 11:30:23,526 INFO 89120 [egg-security] use methodnoallow middleware
2019-04-29 11:30:23,526 INFO 89120 [egg-security] use noopen middleware
2019-04-29 11:30:23,527 INFO 89120 [egg-security] use nosniff middleware
2019-04-29 11:30:23,528 INFO 89120 [egg-security] use xssProtection middleware
2019-04-29 11:30:23,528 INFO 89120 [egg-security] use xframe middleware
2019-04-29 11:30:23,529 INFO 89120 [egg-security] use dta middleware
2019-04-29 11:30:23,529 INFO 89120 [egg-security] compose 7 middlewares into one security middleware
2019-04-29 11:30:23,536 INFO 89120 [egg:core] dump config after load, 3ms
2019-04-29 11:30:23,546 INFO 89120 [egg-watcher:application] watcher start success
2019-04-29 11:30:23,551 INFO 89120 [egg:core] dump config after ready, 3ms
2019-04-29 11:30:34,115 INFO 89120 [egg-view-nunjucks] loading templates from ["/Users/ppd-03020208/WebstormProjects/eggjs-demo/app/view"]
2019-04-29 12:13:03,881 WARN 89120 [ClusterClient:Watcher] follower closed, and try to init it again
2019-04-29 13:14:21,708 WARN 89120 [ClusterClient:Watcher] follower closed, and try to init it again
2019-04-29 13:34:03,742 INFO 89228 [egg:logger] init all loggers with options: {"dir":"/Users/ppd-03020208/WebstormProjects/eggjs-demo/logs/eggjs-demo","encoding":"utf8","env":"local","level":"INFO","consoleLevel":"INFO","disableConsoleAfterReady":false,"outputJSON":false,"buffer":true,"appLogName":"eggjs-demo-web.log","coreLogName":"egg-web.log","agentLogName":"egg-agent.log","errorLogName":"common-error.log","coreLogger":{"consoleLevel":"WARN"},"allowDebugAtProd":false,"type":"application"}
2019-04-29 13:34:03,764 INFO 89228 [egg-multipart] stream mode enable
2019-04-29 13:34:03,821 INFO 89228 [egg-static] starting static serve /public/ -> /Users/ppd-03020208/WebstormProjects/eggjs-demo/app/public
2019-04-29 13:34:03,823 INFO 89228 [egg-security] use csrf middleware
2019-04-29 13:34:03,823 INFO 89228 [egg-security] use methodnoallow middleware
2019-04-29 13:34:03,824 INFO 89228 [egg-security] use noopen middleware
2019-04-29 13:34:03,824 INFO 89228 [egg-security] use nosniff middleware
2019-04-29 13:34:03,825 INFO 89228 [egg-security] use xssProtection middleware
2019-04-29 13:34:03,826 INFO 89228 [egg-security] use xframe middleware
2019-04-29 13:34:03,826 INFO 89228 [egg-security] use dta middleware
2019-04-29 13:34:03,826 INFO 89228 [egg-security] compose 7 middlewares into one security middleware
2019-04-29 13:34:03,834 INFO 89228 [egg:core] dump config after load, 4ms
2019-04-29 13:34:03,844 INFO 89228 [egg-watcher:application] watcher start success
2019-04-29 13:34:03,848 INFO 89228 [egg:core] dump config after ready, 3ms
2019-04-29 13:34:29,323 INFO 89414 [egg:logger] init all loggers with options: {"dir":"/Users/ppd-03020208/WebstormProjects/eggjs-demo/logs/eggjs-demo","encoding":"utf8","env":"local","level":"INFO","consoleLevel":"INFO","disableConsoleAfterReady":false,"outputJSON":false,"buffer":true,"appLogName":"eggjs-demo-web.log","coreLogName":"egg-web.log","agentLogName":"egg-agent.log","errorLogName":"common-error.log","coreLogger":{"consoleLevel":"WARN"},"allowDebugAtProd":false,"type":"application"}
2019-04-29 13:34:29,343 INFO 89414 [egg-multipart] stream mode enable
2019-04-29 13:34:29,377 INFO 89414 [egg-static] starting static serve /public/ -> /Users/ppd-03020208/WebstormProjects/eggjs-demo/app/public
2019-04-29 13:34:29,378 INFO 89414 [egg-security] use csrf middleware
2019-04-29 13:34:29,383 INFO 89414 [egg-security] use methodnoallow middleware
2019-04-29 13:34:29,383 INFO 89414 [egg-security] use noopen middleware
2019-04-29 13:34:29,383 INFO 89414 [egg-security] use nosniff middleware
2019-04-29 13:34:29,384 INFO 89414 [egg-security] use xssProtection middleware
2019-04-29 13:34:29,384 INFO 89414 [egg-security] use xframe middleware
2019-04-29 13:34:29,384 INFO 89414 [egg-security] use dta middleware
2019-04-29 13:34:29,384 INFO 89414 [egg-security] compose 7 middlewares into one security middleware
2019-04-29 13:34:29,391 INFO 89414 [egg:core] dump config after load, 4ms
2019-04-29 13:34:29,401 INFO 89414 [egg-watcher:application] watcher start success
2019-04-29 13:34:29,405 INFO 89414 [egg:core] dump config after ready, 3ms
2019-04-29 13:46:45,205 INFO 89442 [egg:logger] init all loggers with options: {"dir":"/Users/ppd-03020208/WebstormProjects/eggjs-demo/logs/eggjs-demo","encoding":"utf8","env":"local","level":"INFO","consoleLevel":"INFO","disableConsoleAfterReady":false,"outputJSON":false,"buffer":true,"appLogName":"eggjs-demo-web.log","coreLogName":"egg-web.log","agentLogName":"egg-agent.log","errorLogName":"common-error.log","coreLogger":{"consoleLevel":"WARN"},"allowDebugAtProd":false,"type":"application"}
2019-04-29 13:46:45,225 INFO 89442 [egg-multipart] stream mode enable
2019-04-29 13:46:45,263 INFO 89442 [egg-static] starting static serve /public/ -> /Users/ppd-03020208/WebstormProjects/eggjs-demo/app/public
2019-04-29 13:46:45,265 INFO 89442 [egg-security] use csrf middleware
2019-04-29 13:46:45,265 INFO 89442 [egg-security] use methodnoallow middleware
2019-04-29 13:46:45,266 INFO 89442 [egg-security] use noopen middleware
2019-04-29 13:46:45,266 INFO 89442 [egg-security] use nosniff middleware
2019-04-29 13:46:45,266 INFO 89442 [egg-security] use xssProtection middleware
2019-04-29 13:46:45,267 INFO 89442 [egg-security] use xframe middleware
2019-04-29 13:46:45,267 INFO 89442 [egg-security] use dta middleware
2019-04-29 13:46:45,267 INFO 89442 [egg-security] compose 7 middlewares into one security middleware
2019-04-29 13:46:45,273 INFO 89442 [egg:core] dump config after load, 3ms
2019-04-29 13:46:45,281 INFO 89442 [egg-watcher:application] watcher start success
2019-04-29 13:46:45,285 INFO 89442 [egg:core] dump config after ready, 3ms
2019-04-29 13:47:32,834 INFO 89445 [egg:logger] init all loggers with options: {"dir":"/Users/ppd-03020208/WebstormProjects/eggjs-demo/logs/eggjs-demo","encoding":"utf8","env":"local","level":"INFO","consoleLevel":"INFO","disableConsoleAfterReady":false,"outputJSON":false,"buffer":true,"appLogName":"eggjs-demo-web.log","coreLogName":"egg-web.log","agentLogName":"egg-agent.log","errorLogName":"common-error.log","coreLogger":{"consoleLevel":"WARN"},"allowDebugAtProd":false,"type":"application"}
2019-04-29 13:47:32,855 INFO 89445 [egg-multipart] stream mode enable
2019-04-29 13:47:32,894 INFO 89445 [egg-static] starting static serve /public/ -> /Users/ppd-03020208/WebstormProjects/eggjs-demo/app/public
2019-04-29 13:47:32,896 INFO 89445 [egg-security] use csrf middleware
2019-04-29 13:47:32,896 INFO 89445 [egg-security] use methodnoallow middleware
2019-04-29 13:47:32,897 INFO 89445 [egg-security] use noopen middleware
2019-04-29 13:47:32,897 INFO 89445 [egg-security] use nosniff middleware
2019-04-29 13:47:32,897 INFO 89445 [egg-security] use xssProtection middleware
2019-04-29 13:47:32,898 INFO 89445 [egg-security] use xframe middleware
2019-04-29 13:47:32,898 INFO 89445 [egg-security] use dta middleware
2019-04-29 13:47:32,898 INFO 89445 [egg-security] compose 7 middlewares into one security middleware
2019-04-29 13:47:32,905 INFO 89445 [egg:core] dump config after load, 4ms
2019-04-29 13:47:32,914 INFO 89445 [egg-watcher:application] watcher start success
2019-04-29 13:47:32,919 INFO 89445 [egg:core] dump config after ready, 3ms
2019-04-29 13:47:40,136 INFO 89452 [egg:logger] init all loggers with options: {"dir":"/Users/ppd-03020208/WebstormProjects/eggjs-demo/logs/eggjs-demo","encoding":"utf8","env":"local","level":"INFO","consoleLevel":"INFO","disableConsoleAfterReady":false,"outputJSON":false,"buffer":true,"appLogName":"eggjs-demo-web.log","coreLogName":"egg-web.log","agentLogName":"egg-agent.log","errorLogName":"common-error.log","coreLogger":{"consoleLevel":"WARN"},"allowDebugAtProd":false,"type":"application"}
2019-04-29 13:47:40,156 INFO 89452 [egg-multipart] stream mode enable
2019-04-29 13:47:40,190 INFO 89452 [egg-static] starting static serve /public/ -> /Users/ppd-03020208/WebstormProjects/eggjs-demo/app/public
2019-04-29 13:47:40,195 INFO 89452 [egg-security] use csrf middleware
2019-04-29 13:47:40,196 INFO 89452 [egg-security] use methodnoallow middleware
2019-04-29 13:47:40,196 INFO 89452 [egg-security] use noopen middleware
2019-04-29 13:47:40,197 INFO 89452 [egg-security] use nosniff middleware
2019-04-29 13:47:40,197 INFO 89452 [egg-security] use xssProtection middleware
2019-04-29 13:47:40,197 INFO 89452 [egg-security] use xframe middleware
2019-04-29 13:47:40,197 INFO 89452 [egg-security] use dta middleware
2019-04-29 13:47:40,197 INFO 89452 [egg-security] compose 7 middlewares into one security middleware
2019-04-29 13:47:40,204 INFO 89452 [egg:core] dump config after load, 4ms
2019-04-29 13:47:40,214 INFO 89452 [egg-watcher:application] watcher start success
2019-04-29 13:47:40,218 INFO 89452 [egg:core] dump config after ready, 3ms
2019-04-29 13:48:04,027 INFO 89453 [egg:logger] init all loggers with options: {"dir":"/Users/ppd-03020208/WebstormProjects/eggjs-demo/logs/eggjs-demo","encoding":"utf8","env":"local","level":"INFO","consoleLevel":"INFO","disableConsoleAfterReady":false,"outputJSON":false,"buffer":true,"appLogName":"eggjs-demo-web.log","coreLogName":"egg-web.log","agentLogName":"egg-agent.log","errorLogName":"common-error.log","coreLogger":{"consoleLevel":"WARN"},"allowDebugAtProd":false,"type":"application"}
2019-04-29 13:48:04,048 INFO 89453 [egg-multipart] stream mode enable
2019-04-29 13:48:04,088 INFO 89453 [egg-static] starting static serve /public/ -> /Users/ppd-03020208/WebstormProjects/eggjs-demo/app/public
2019-04-29 13:48:04,090 INFO 89453 [egg-security] use csrf middleware
2019-04-29 13:48:04,091 INFO 89453 [egg-security] use methodnoallow middleware
2019-04-29 13:48:04,091 INFO 89453 [egg-security] use noopen middleware
2019-04-29 13:48:04,092 INFO 89453 [egg-security] use nosniff middleware
2019-04-29 13:48:04,092 INFO 89453 [egg-security] use xssProtection middleware
2019-04-29 13:48:04,092 INFO 89453 [egg-security] use xframe middleware
2019-04-29 13:48:04,093 INFO 89453 [egg-security] use dta middleware
2019-04-29 13:48:04,093 INFO 89453 [egg-security] compose 7 middlewares into one security middleware
2019-04-29 13:48:04,100 INFO 89453 [egg:core] dump config after load, 4ms
2019-04-29 13:48:04,109 INFO 89453 [egg-watcher:application] watcher start success
2019-04-29 13:48:04,114 INFO 89453 [egg:core] dump config after ready, 3ms
2019-04-29 13:48:10,205 INFO 89460 [egg:logger] init all loggers with options: {"dir":"/Users/ppd-03020208/WebstormProjects/eggjs-demo/logs/eggjs-demo","encoding":"utf8","env":"local","level":"INFO","consoleLevel":"INFO","disableConsoleAfterReady":false,"outputJSON":false,"buffer":true,"appLogName":"eggjs-demo-web.log","coreLogName":"egg-web.log","agentLogName":"egg-agent.log","errorLogName":"common-error.log","coreLogger":{"consoleLevel":"WARN"},"allowDebugAtProd":false,"type":"application"}
2019-04-29 13:48:10,225 INFO 89460 [egg-multipart] stream mode enable
2019-04-29 13:48:10,258 INFO 89460 [egg-static] starting static serve /public/ -> /Users/ppd-03020208/WebstormProjects/eggjs-demo/app/public
2019-04-29 13:48:10,260 INFO 89460 [egg-security] use csrf middleware
2019-04-29 13:48:10,260 INFO 89460 [egg-security] use methodnoallow middleware
2019-04-29 13:48:10,263 INFO 89460 [egg-security] use noopen middleware
2019-04-29 13:48:10,264 INFO 89460 [egg-security] use nosniff middleware
2019-04-29 13:48:10,264 INFO 89460 [egg-security] use xssProtection middleware
2019-04-29 13:48:10,265 INFO 89460 [egg-security] use xframe middleware
2019-04-29 13:48:10,265 INFO 89460 [egg-security] use dta middleware
2019-04-29 13:48:10,265 INFO 89460 [egg-security] compose 7 middlewares into one security middleware
2019-04-29 13:48:10,272 INFO 89460 [egg:core] dump config after load, 4ms
2019-04-29 13:48:10,282 INFO 89460 [egg-watcher:application] watcher start success
2019-04-29 13:48:10,286 INFO 89460 [egg:core] dump config after ready, 2ms
2019-04-29 13:49:19,043 INFO 89461 [egg:logger] init all loggers with options: {"dir":"/Users/ppd-03020208/WebstormProjects/eggjs-demo/logs/eggjs-demo","encoding":"utf8","env":"local","level":"INFO","consoleLevel":"INFO","disableConsoleAfterReady":false,"outputJSON":false,"buffer":true,"appLogName":"eggjs-demo-web.log","coreLogName":"egg-web.log","agentLogName":"egg-agent.log","errorLogName":"common-error.log","coreLogger":{"consoleLevel":"WARN"},"allowDebugAtProd":false,"type":"application"}
2019-04-29 13:49:19,064 INFO 89461 [egg-multipart] stream mode enable
2019-04-29 13:49:19,102 INFO 89461 [egg-static] starting static serve /public/ -> /Users/ppd-03020208/WebstormProjects/eggjs-demo/app/public
2019-04-29 13:49:19,103 INFO 89461 [egg-security] use csrf middleware
2019-04-29 13:49:19,104 INFO 89461 [egg-security] use methodnoallow middleware
2019-04-29 13:49:19,104 INFO 89461 [egg-security] use noopen middleware
2019-04-29 13:49:19,105 INFO 89461 [egg-security] use nosniff middleware
2019-04-29 13:49:19,105 INFO 89461 [egg-security] use xssProtection middleware
2019-04-29 13:49:19,105 INFO 89461 [egg-security] use xframe middleware
2019-04-29 13:49:19,105 INFO 89461 [egg-security] use dta middleware
2019-04-29 13:49:19,105 INFO 89461 [egg-security] compose 7 middlewares into one security middleware
2019-04-29 13:49:19,112 INFO 89461 [egg:core] dump config after load, 3ms
2019-04-29 13:49:19,120 INFO 89461 [egg-watcher:application] watcher start success
2019-04-29 13:49:19,124 INFO 89461 [egg:core] dump config after ready, 3ms
2019-04-29 13:49:34,584 INFO 89462 [egg:logger] init all loggers with options: {"dir":"/Users/ppd-03020208/WebstormProjects/eggjs-demo/logs/eggjs-demo","encoding":"utf8","env":"local","level":"INFO","consoleLevel":"INFO","disableConsoleAfterReady":false,"outputJSON":false,"buffer":true,"appLogName":"eggjs-demo-web.log","coreLogName":"egg-web.log","agentLogName":"egg-agent.log","errorLogName":"common-error.log","coreLogger":{"consoleLevel":"WARN"},"allowDebugAtProd":false,"type":"application"}
2019-04-29 13:49:34,605 INFO 89462 [egg-multipart] stream mode enable
2019-04-29 13:49:34,645 INFO 89462 [egg-static] starting static serve /public/ -> /Users/ppd-03020208/WebstormProjects/eggjs-demo/app/public
2019-04-29 13:49:34,647 INFO 89462 [egg-security] use csrf middleware
2019-04-29 13:49:34,647 INFO 89462 [egg-security] use methodnoallow middleware
2019-04-29 13:49:34,647 INFO 89462 [egg-security] use noopen middleware
2019-04-29 13:49:34,648 INFO 89462 [egg-security] use nosniff middleware
2019-04-29 13:49:34,648 INFO 89462 [egg-security] use xssProtection middleware
2019-04-29 13:49:34,648 INFO 89462 [egg-security] use xframe middleware
2019-04-29 13:49:34,649 INFO 89462 [egg-security] use dta middleware
2019-04-29 13:49:34,649 INFO 89462 [egg-security] compose 7 middlewares into one security middleware
2019-04-29 13:49:34,656 INFO 89462 [egg:core] dump config after load, 4ms
2019-04-29 13:49:34,665 INFO 89462 [egg-watcher:application] watcher start success
2019-04-29 13:49:34,670 INFO 89462 [egg:core] dump config after ready, 3ms
2019-04-29 13:50:10,572 INFO 89469 [egg:logger] init all loggers with options: {"dir":"/Users/ppd-03020208/WebstormProjects/eggjs-demo/logs/eggjs-demo","encoding":"utf8","env":"local","level":"INFO","consoleLevel":"INFO","disableConsoleAfterReady":false,"outputJSON":false,"buffer":true,"appLogName":"eggjs-demo-web.log","coreLogName":"egg-web.log","agentLogName":"egg-agent.log","errorLogName":"common-error.log","coreLogger":{"consoleLevel":"WARN"},"allowDebugAtProd":false,"type":"application"}
2019-04-29 13:50:10,592 INFO 89469 [egg-multipart] stream mode enable
2019-04-29 13:50:10,630 INFO 89469 [egg-static] starting static serve /public/ -> /Users/ppd-03020208/WebstormProjects/eggjs-demo/app/public
2019-04-29 13:50:10,631 INFO 89469 [egg-security] use csrf middleware
2019-04-29 13:50:10,632 INFO 89469 [egg-security] use methodnoallow middleware
2019-04-29 13:50:10,632 INFO 89469 [egg-security] use noopen middleware
2019-04-29 13:50:10,633 INFO 89469 [egg-security] use nosniff middleware
2019-04-29 13:50:10,633 INFO 89469 [egg-security] use xssProtection middleware
2019-04-29 13:50:10,633 INFO 89469 [egg-security] use xframe middleware
2019-04-29 13:50:10,633 INFO 89469 [egg-security] use dta middleware
2019-04-29 13:50:10,633 INFO 89469 [egg-security] compose 7 middlewares into one security middleware
2019-04-29 13:50:10,640 INFO 89469 [egg:core] dump config after load, 3ms
2019-04-29 13:50:10,650 INFO 89469 [egg-watcher:application] watcher start success
2019-04-29 13:50:10,654 INFO 89469 [egg:core] dump config after ready, 3ms
2019-04-29 14:11:10,847 WARN 89469 [ClusterClient:Watcher] follower closed, and try to init it again
